Flow report for lab_3
Thu Apr 10 16:23:24 2025
Quartus II 64-Bit Version 13.0.0 Build 156 04/24/2013 SJ Full Version


---------------------
; Table of Contents ;
---------------------
  1. Legal Notice
  2. Flow Summary
  3. Flow Settings
  4. Flow Non-Default Global Settings
  5. Flow Elapsed Time
  6. Flow OS Summary
  7. Flow Log
  8. Flow Messages
  9. Flow Suppressed Messages



----------------
; Legal Notice ;
----------------
Copyright (C) 1991-2013 Altera Corporation
Your use of Altera Corporation's design tools, logic functions 
and other software and tools, and its AMPP partner logic 
functions, and any output files from any of the foregoing 
(including device programming or simulation files), and any 
associated documentation or information are expressly subject 
to the terms and conditions of the Altera Program License 
Subscription Agreement, Altera MegaCore Function License 
Agreement, or other applicable license agreement, including, 
without limitation, that your use is for the sole purpose of 
programming logic devices manufactured by Altera and sold by 
Altera or its authorized distributors.  Please refer to the 
applicable agreement for further details.



+-----------------------------------------------------------------------------------+
; Flow Summary                                                                      ;
+-------------------------------------+---------------------------------------------+
; Flow Status                         ; Successful - Thu Apr 10 16:23:18 2025       ;
; Quartus II 64-Bit Version           ; 13.0.0 Build 156 04/24/2013 SJ Full Version ;
; Revision Name                       ; lab_3                                       ;
; Top-level Entity Name               ; top_level_timer                             ;
; Family                              ; Cyclone V                                   ;
; Device                              ; 5CEBA4F23C7                                 ;
; Timing Models                       ; Preliminary                                 ;
; Logic utilization (in ALMs)         ; 45 / 18,480 ( < 1 % )                       ;
; Total registers                     ; 49                                          ;
; Total pins                          ; 34 / 224 ( 15 % )                           ;
; Total virtual pins                  ; 0                                           ;
; Total block memory bits             ; 0 / 3,153,920 ( 0 % )                       ;
; Total DSP Blocks                    ; 0 / 66 ( 0 % )                              ;
; Total HSSI RX PCSs                  ; 0                                           ;
; Total HSSI PMA RX Deserializers     ; 0                                           ;
; Total HSSI PMA RX ATT Deserializers ; 0                                           ;
; Total HSSI TX PCSs                  ; 0                                           ;
; Total HSSI PMA TX Serializers       ; 0                                           ;
; Total HSSI PMA TX ATT Serializers   ; 0                                           ;
; Total PLLs                          ; 0 / 4 ( 0 % )                               ;
; Total DLLs                          ; 0 / 4 ( 0 % )                               ;
+-------------------------------------+---------------------------------------------+


+-----------------------------------------+
; Flow Settings                           ;
+-------------------+---------------------+
; Option            ; Setting             ;
+-------------------+---------------------+
; Start date & time ; 04/10/2025 16:22:55 ;
; Main task         ; Compilation         ;
; Revision Name     ; lab_3               ;
+-------------------+---------------------+


+----------------------------------------------------------------------------------------------------------------------+
; Flow Non-Default Global Settings                                                                                     ;
+-------------------------------------+---------------------------------+---------------+-----------------+------------+
; Assignment Name                     ; Value                           ; Default Value ; Entity Name     ; Section Id ;
+-------------------------------------+---------------------------------+---------------+-----------------+------------+
; COMPILER_SIGNATURE_ID               ; 224948462350583.174425897424948 ; --            ; --              ; --         ;
; MAX_CORE_JUNCTION_TEMP              ; 85                              ; --            ; --              ; --         ;
; MIN_CORE_JUNCTION_TEMP              ; 0                               ; --            ; --              ; --         ;
; PARTITION_COLOR                     ; 16764057                        ; --            ; DE0_CV_Default  ; Top        ;
; PARTITION_COLOR                     ; 16764057                        ; --            ; top_level_timer ; Top        ;
; PARTITION_FITTER_PRESERVATION_LEVEL ; PLACEMENT_AND_ROUTING           ; --            ; DE0_CV_Default  ; Top        ;
; PARTITION_FITTER_PRESERVATION_LEVEL ; PLACEMENT_AND_ROUTING           ; --            ; top_level_timer ; Top        ;
; PARTITION_NETLIST_TYPE              ; SOURCE                          ; --            ; DE0_CV_Default  ; Top        ;
; PARTITION_NETLIST_TYPE              ; SOURCE                          ; --            ; top_level_timer ; Top        ;
; PROJECT_OUTPUT_DIRECTORY            ; output_files                    ; --            ; --              ; --         ;
; TOP_LEVEL_ENTITY                    ; top_level_timer                 ; lab_3         ; --              ; --         ;
+-------------------------------------+---------------------------------+---------------+-----------------+------------+


+-------------------------------------------------------------------------------------------------------------------------------+
; Flow Elapsed Time                                                                                                             ;
+---------------------------+--------------+-------------------------+---------------------+------------------------------------+
; Module Name               ; Elapsed Time ; Average Processors Used ; Peak Virtual Memory ; Total CPU Time (on all processors) ;
+---------------------------+--------------+-------------------------+---------------------+------------------------------------+
; Analysis & Synthesis      ; 00:00:02     ; 1.0                     ; 4738 MB             ; 00:00:01                           ;
; Fitter                    ; 00:00:18     ; 1.9                     ; 6714 MB             ; 00:00:21                           ;
; Assembler                 ; 00:00:03     ; 1.0                     ; 4722 MB             ; 00:00:02                           ;
; TimeQuest Timing Analyzer ; 00:00:05     ; 1.0                     ; 5211 MB             ; 00:00:04                           ;
; Total                     ; 00:00:28     ; --                      ; --                  ; 00:00:28                           ;
+---------------------------+--------------+-------------------------+---------------------+------------------------------------+


+----------------------------------------------------------------------------------------+
; Flow OS Summary                                                                        ;
+---------------------------+------------------+-----------+------------+----------------+
; Module Name               ; Machine Hostname ; OS Name   ; OS Version ; Processor type ;
+---------------------------+------------------+-----------+------------+----------------+
; Analysis & Synthesis      ; EN453047         ; Windows 7 ; 6.2        ; x86_64         ;
; Fitter                    ; EN453047         ; Windows 7 ; 6.2        ; x86_64         ;
; Assembler                 ; EN453047         ; Windows 7 ; 6.2        ; x86_64         ;
; TimeQuest Timing Analyzer ; EN453047         ; Windows 7 ; 6.2        ; x86_64         ;
+---------------------------+------------------+-----------+------------+----------------+


------------
; Flow Log ;
------------
quartus_map --read_settings_files=on --write_settings_files=off lab_3 -c lab_3
quartus_fit --read_settings_files=off --write_settings_files=off lab_3 -c lab_3
quartus_asm --read_settings_files=off --write_settings_files=off lab_3 -c lab_3
quartus_sta lab_3 -c lab_3



